  CppCLR_WinformsProjekt.cpp
D:\ARCHIVOS 2023\UMG\PROYECTOS\machupichu\machupichu\machupichu\ruinas_machupichu.h(1,1): warning C4067: símbolos (token) inesperados después de la directiva del preprocesador; se esperaba una nueva línea
  (compilando archivo de origen "/CppCLR_WinformsProjekt.cpp")
  
D:\ARCHIVOS 2023\UMG\PROYECTOS\machupichu\machupichu\machupichu\ingresar.h(670,11): warning C4996: 'fopen': This function or variable may be unsafe. Consider using fopen_s instead. To disable deprecation, use _CRT_SECURE_NO_WARNINGS. See online help for details.
  (compilando archivo de origen "/CppCLR_WinformsProjekt.cpp")
  
D:\ARCHIVOS 2023\UMG\PROYECTOS\machupichu\machupichu\machupichu\ingresar.h(689,11): warning C4996: 'fopen': This function or variable may be unsafe. Consider using fopen_s instead. To disable deprecation, use _CRT_SECURE_NO_WARNINGS. See online help for details.
  (compilando archivo de origen "/CppCLR_WinformsProjekt.cpp")
  
D:\ARCHIVOS 2023\UMG\PROYECTOS\machupichu\machupichu\machupichu\info_salida.h(428,12): warning C4996: 'fopen': This function or variable may be unsafe. Consider using fopen_s instead. To disable deprecation, use _CRT_SECURE_NO_WARNINGS. See online help for details.
  (compilando archivo de origen "/CppCLR_WinformsProjekt.cpp")
  
D:\ARCHIVOS 2023\UMG\PROYECTOS\machupichu\machupichu\machupichu\info_salida.h(435,13): warning C4996: 'strtok': This function or variable may be unsafe. Consider using strtok_s instead. To disable deprecation, use _CRT_SECURE_NO_WARNINGS. See online help for details.
  (compilando archivo de origen "/CppCLR_WinformsProjekt.cpp")
  
D:\ARCHIVOS 2023\UMG\PROYECTOS\machupichu\machupichu\machupichu\info_salida.h(436,13): warning C4996: 'strtok': This function or variable may be unsafe. Consider using strtok_s instead. To disable deprecation, use _CRT_SECURE_NO_WARNINGS. See online help for details.
  (compilando archivo de origen "/CppCLR_WinformsProjekt.cpp")
  
D:\ARCHIVOS 2023\UMG\PROYECTOS\machupichu\machupichu\machupichu\info_salida.h(437,13): warning C4996: 'strtok': This function or variable may be unsafe. Consider using strtok_s instead. To disable deprecation, use _CRT_SECURE_NO_WARNINGS. See online help for details.
  (compilando archivo de origen "/CppCLR_WinformsProjekt.cpp")
  
D:\ARCHIVOS 2023\UMG\PROYECTOS\machupichu\machupichu\machupichu\info_salida.h(438,13): warning C4996: 'strtok': This function or variable may be unsafe. Consider using strtok_s instead. To disable deprecation, use _CRT_SECURE_NO_WARNINGS. See online help for details.
  (compilando archivo de origen "/CppCLR_WinformsProjekt.cpp")
  
D:\ARCHIVOS 2023\UMG\PROYECTOS\machupichu\machupichu\machupichu\info_salida.h(439,13): warning C4996: 'strtok': This function or variable may be unsafe. Consider using strtok_s instead. To disable deprecation, use _CRT_SECURE_NO_WARNINGS. See online help for details.
  (compilando archivo de origen "/CppCLR_WinformsProjekt.cpp")
  
D:\ARCHIVOS 2023\UMG\PROYECTOS\machupichu\machupichu\machupichu\info_salida.h(440,13): warning C4996: 'strtok': This function or variable may be unsafe. Consider using strtok_s instead. To disable deprecation, use _CRT_SECURE_NO_WARNINGS. See online help for details.
  (compilando archivo de origen "/CppCLR_WinformsProjekt.cpp")
  
D:\ARCHIVOS 2023\UMG\PROYECTOS\machupichu\machupichu\machupichu\info_salida.h(441,13): warning C4996: 'strtok': This function or variable may be unsafe. Consider using strtok_s instead. To disable deprecation, use _CRT_SECURE_NO_WARNINGS. See online help for details.
  (compilando archivo de origen "/CppCLR_WinformsProjekt.cpp")
  
D:\ARCHIVOS 2023\UMG\PROYECTOS\machupichu\machupichu\machupichu\info_salida.h(442,13): warning C4996: 'strtok': This function or variable may be unsafe. Consider using strtok_s instead. To disable deprecation, use _CRT_SECURE_NO_WARNINGS. See online help for details.
  (compilando archivo de origen "/CppCLR_WinformsProjekt.cpp")
  
D:\ARCHIVOS 2023\UMG\PROYECTOS\machupichu\machupichu\machupichu\info_salida.h(443,13): warning C4996: 'strtok': This function or variable may be unsafe. Consider using strtok_s instead. To disable deprecation, use _CRT_SECURE_NO_WARNINGS. See online help for details.
  (compilando archivo de origen "/CppCLR_WinformsProjekt.cpp")
  
D:\ARCHIVOS 2023\UMG\PROYECTOS\machupichu\machupichu\machupichu\info_salida.h(444,14): warning C4996: 'strtok': This function or variable may be unsafe. Consider using strtok_s instead. To disable deprecation, use _CRT_SECURE_NO_WARNINGS. See online help for details.
  (compilando archivo de origen "/CppCLR_WinformsProjekt.cpp")
  
D:\ARCHIVOS 2023\UMG\PROYECTOS\machupichu\machupichu\machupichu\info_salida.h(445,14): warning C4996: 'strtok': This function or variable may be unsafe. Consider using strtok_s instead. To disable deprecation, use _CRT_SECURE_NO_WARNINGS. See online help for details.
  (compilando archivo de origen "/CppCLR_WinformsProjekt.cpp")
  
D:\ARCHIVOS 2023\UMG\PROYECTOS\machupichu\machupichu\machupichu\info_salida.h(446,14): warning C4996: 'strtok': This function or variable may be unsafe. Consider using strtok_s instead. To disable deprecation, use _CRT_SECURE_NO_WARNINGS. See online help for details.
  (compilando archivo de origen "/CppCLR_WinformsProjekt.cpp")
  
D:\ARCHIVOS 2023\UMG\PROYECTOS\machupichu\machupichu\machupichu\info_salida.h(429,12): warning C4101: 'cadena': variable local sin referencia
  (compilando archivo de origen "/CppCLR_WinformsProjekt.cpp")
  
D:\ARCHIVOS 2023\UMG\PROYECTOS\machupichu\machupichu\machupichu\info_salida.h(429,101): warning C4101: 'd13': variable local sin referencia
  (compilando archivo de origen "/CppCLR_WinformsProjekt.cpp")
  
D:\ARCHIVOS 2023\UMG\PROYECTOS\machupichu\machupichu\machupichu\info_salida.h(507,12): warning C4996: 'fopen': This function or variable may be unsafe. Consider using fopen_s instead. To disable deprecation, use _CRT_SECURE_NO_WARNINGS. See online help for details.
  (compilando archivo de origen "/CppCLR_WinformsProjekt.cpp")
  
D:\ARCHIVOS 2023\UMG\PROYECTOS\machupichu\machupichu\machupichu\info_salida.h(512,13): warning C4996: 'strtok': This function or variable may be unsafe. Consider using strtok_s instead. To disable deprecation, use _CRT_SECURE_NO_WARNINGS. See online help for details.
  (compilando archivo de origen "/CppCLR_WinformsProjekt.cpp")
  
D:\ARCHIVOS 2023\UMG\PROYECTOS\machupichu\machupichu\machupichu\info_salida.h(508,12): warning C4101: 'cadena': variable local sin referencia
  (compilando archivo de origen "/CppCLR_WinformsProjekt.cpp")
  
D:\ARCHIVOS 2023\UMG\PROYECTOS\machupichu\machupichu\machupichu\info_salida.h(529,12): warning C4996: 'fopen': This function or variable may be unsafe. Consider using fopen_s instead. To disable deprecation, use _CRT_SECURE_NO_WARNINGS. See online help for details.
  (compilando archivo de origen "/CppCLR_WinformsProjekt.cpp")
  
D:\ARCHIVOS 2023\UMG\PROYECTOS\machupichu\machupichu\machupichu\info_salida.h(534,13): warning C4996: 'strtok': This function or variable may be unsafe. Consider using strtok_s instead. To disable deprecation, use _CRT_SECURE_NO_WARNINGS. See online help for details.
  (compilando archivo de origen "/CppCLR_WinformsProjekt.cpp")
  
D:\ARCHIVOS 2023\UMG\PROYECTOS\machupichu\machupichu\machupichu\info_salida.h(530,12): warning C4101: 'cadena': variable local sin referencia
  (compilando archivo de origen "/CppCLR_WinformsProjekt.cpp")
  
D:\ARCHIVOS 2023\UMG\PROYECTOS\machupichu\machupichu\machupichu\reparado.h(173,9): warning C4996: 'fopen': This function or variable may be unsafe. Consider using fopen_s instead. To disable deprecation, use _CRT_SECURE_NO_WARNINGS. See online help for details.
  (compilando archivo de origen "/CppCLR_WinformsProjekt.cpp")
  
D:\ARCHIVOS 2023\UMG\PROYECTOS\machupichu\machupichu\machupichu\reparado.h(180,10): warning C4996: 'strtok': This function or variable may be unsafe. Consider using strtok_s instead. To disable deprecation, use _CRT_SECURE_NO_WARNINGS. See online help for details.
  (compilando archivo de origen "/CppCLR_WinformsProjekt.cpp")
  
D:\ARCHIVOS 2023\UMG\PROYECTOS\machupichu\machupichu\machupichu\reparado.h(181,10): warning C4996: 'strtok': This function or variable may be unsafe. Consider using strtok_s instead. To disable deprecation, use _CRT_SECURE_NO_WARNINGS. See online help for details.
  (compilando archivo de origen "/CppCLR_WinformsProjekt.cpp")
  
D:\ARCHIVOS 2023\UMG\PROYECTOS\machupichu\machupichu\machupichu\reparado.h(182,10): warning C4996: 'strtok': This function or variable may be unsafe. Consider using strtok_s instead. To disable deprecation, use _CRT_SECURE_NO_WARNINGS. See online help for details.
  (compilando archivo de origen "/CppCLR_WinformsProjekt.cpp")
  
D:\ARCHIVOS 2023\UMG\PROYECTOS\machupichu\machupichu\machupichu\reparado.h(183,10): warning C4996: 'strtok': This function or variable may be unsafe. Consider using strtok_s instead. To disable deprecation, use _CRT_SECURE_NO_WARNINGS. See online help for details.
  (compilando archivo de origen "/CppCLR_WinformsProjekt.cpp")
  
D:\ARCHIVOS 2023\UMG\PROYECTOS\machupichu\machupichu\machupichu\reparado.h(174,9): warning C4101: 'cadena': variable local sin referencia
  (compilando archivo de origen "/CppCLR_WinformsProjekt.cpp")
  
D:\ARCHIVOS 2023\UMG\PROYECTOS\machupichu\machupichu\machupichu\pendiente.h(280,9): warning C4996: 'fopen': This function or variable may be unsafe. Consider using fopen_s instead. To disable deprecation, use _CRT_SECURE_NO_WARNINGS. See online help for details.
  (compilando archivo de origen "/CppCLR_WinformsProjekt.cpp")
  
D:\ARCHIVOS 2023\UMG\PROYECTOS\machupichu\machupichu\machupichu\pendiente.h(286,10): warning C4996: 'strtok': This function or variable may be unsafe. Consider using strtok_s instead. To disable deprecation, use _CRT_SECURE_NO_WARNINGS. See online help for details.
  (compilando archivo de origen "/CppCLR_WinformsProjekt.cpp")
  
D:\ARCHIVOS 2023\UMG\PROYECTOS\machupichu\machupichu\machupichu\pendiente.h(287,10): warning C4996: 'strtok': This function or variable may be unsafe. Consider using strtok_s instead. To disable deprecation, use _CRT_SECURE_NO_WARNINGS. See online help for details.
  (compilando archivo de origen "/CppCLR_WinformsProjekt.cpp")
  
D:\ARCHIVOS 2023\UMG\PROYECTOS\machupichu\machupichu\machupichu\pendiente.h(288,10): warning C4996: 'strtok': This function or variable may be unsafe. Consider using strtok_s instead. To disable deprecation, use _CRT_SECURE_NO_WARNINGS. See online help for details.
  (compilando archivo de origen "/CppCLR_WinformsProjekt.cpp")
  
D:\ARCHIVOS 2023\UMG\PROYECTOS\machupichu\machupichu\machupichu\pendiente.h(289,10): warning C4996: 'strtok': This function or variable may be unsafe. Consider using strtok_s instead. To disable deprecation, use _CRT_SECURE_NO_WARNINGS. See online help for details.
  (compilando archivo de origen "/CppCLR_WinformsProjekt.cpp")
  
D:\ARCHIVOS 2023\UMG\PROYECTOS\machupichu\machupichu\machupichu\pendiente.h(290,10): warning C4996: 'strtok': This function or variable may be unsafe. Consider using strtok_s instead. To disable deprecation, use _CRT_SECURE_NO_WARNINGS. See online help for details.
  (compilando archivo de origen "/CppCLR_WinformsProjekt.cpp")
  
D:\ARCHIVOS 2023\UMG\PROYECTOS\machupichu\machupichu\machupichu\pendiente.h(291,10): warning C4996: 'strtok': This function or variable may be unsafe. Consider using strtok_s instead. To disable deprecation, use _CRT_SECURE_NO_WARNINGS. See online help for details.
  (compilando archivo de origen "/CppCLR_WinformsProjekt.cpp")
  
D:\ARCHIVOS 2023\UMG\PROYECTOS\machupichu\machupichu\machupichu\pendiente.h(292,10): warning C4996: 'strtok': This function or variable may be unsafe. Consider using strtok_s instead. To disable deprecation, use _CRT_SECURE_NO_WARNINGS. See online help for details.
  (compilando archivo de origen "/CppCLR_WinformsProjekt.cpp")
  
D:\ARCHIVOS 2023\UMG\PROYECTOS\machupichu\machupichu\machupichu\pendiente.h(293,10): warning C4996: 'strtok': This function or variable may be unsafe. Consider using strtok_s instead. To disable deprecation, use _CRT_SECURE_NO_WARNINGS. See online help for details.
  (compilando archivo de origen "/CppCLR_WinformsProjekt.cpp")
  
D:\ARCHIVOS 2023\UMG\PROYECTOS\machupichu\machupichu\machupichu\pendiente.h(294,10): warning C4996: 'strtok': This function or variable may be unsafe. Consider using strtok_s instead. To disable deprecation, use _CRT_SECURE_NO_WARNINGS. See online help for details.
  (compilando archivo de origen "/CppCLR_WinformsProjekt.cpp")
  
D:\ARCHIVOS 2023\UMG\PROYECTOS\machupichu\machupichu\machupichu\pendiente.h(295,11): warning C4996: 'strtok': This function or variable may be unsafe. Consider using strtok_s instead. To disable deprecation, use _CRT_SECURE_NO_WARNINGS. See online help for details.
  (compilando archivo de origen "/CppCLR_WinformsProjekt.cpp")
  
D:\ARCHIVOS 2023\UMG\PROYECTOS\machupichu\machupichu\machupichu\pendiente.h(296,11): warning C4996: 'strtok': This function or variable may be unsafe. Consider using strtok_s instead. To disable deprecation, use _CRT_SECURE_NO_WARNINGS. See online help for details.
  (compilando archivo de origen "/CppCLR_WinformsProjekt.cpp")
  
D:\ARCHIVOS 2023\UMG\PROYECTOS\machupichu\machupichu\machupichu\pendiente.h(297,11): warning C4996: 'strtok': This function or variable may be unsafe. Consider using strtok_s instead. To disable deprecation, use _CRT_SECURE_NO_WARNINGS. See online help for details.
  (compilando archivo de origen "/CppCLR_WinformsProjekt.cpp")
  
D:\ARCHIVOS 2023\UMG\PROYECTOS\machupichu\machupichu\machupichu\pendiente.h(281,9): warning C4101: 'cadena': variable local sin referencia
  (compilando archivo de origen "/CppCLR_WinformsProjekt.cpp")
  
  acerca.obj : se encontró un módulo MSIL; vinculación incremental deshabilitada para MSIL; ejecutando vínculo completo
  machupichu.vcxproj -> D:\ARCHIVOS 2023\UMG\PROYECTOS\machupichu\machupichu\x64\Debug\machupichu.exe
